<?xml version="1.0" encoding="UTF-8"?>
<testng-results skipped="0" failed="0" ignored="0" total="1" passed="1">
  <reporter-output>
  </reporter-output>
  <suite name="Default suite" duration-ms="32083" started-at="2020-06-08T12:01:20 IST" finished-at="2020-06-08T12:01:52 IST">
    <groups>
    </groups>
    <test name="Default test" duration-ms="32083" started-at="2020-06-08T12:01:20 IST" finished-at="2020-06-08T12:01:52 IST">
      <class name="testNG.Tester19">
        <test-method status="PASS" signature="login()[pri:0, instance:testNG.Tester19@369f73a2]" name="login" duration-ms="32032" started-at="2020-06-08T12:01:20 IST" finished-at="2020-06-08T12:01:52 IST">
          <reporter-output>
          </reporter-output>
        </test-method> <!-- login -->
      </class> <!-- testNG.Tester19 -->
    </test> <!-- Default test -->
  </suite> <!-- Default suite -->
</testng-results>
